This is pdfTeX, Version 3.141592653-2.6-1.40.22 (TeX Live 2022/dev/Debian) (preloaded format=pdflatex 2024.7.27)  26 SEP 2024 23:18
entering extended mode
 restricted \write18 enabled.
 file:line:error style messages enabled.
 %&-line parsing enabled.
**/home/madhia/computer_vision/assignment4/report/report.tex
(/home/madhia/computer_vision/assignment4/report/report.tex
LaTeX2e <2021-11-15> patch level 1
L3 programming layer <2022-01-21> (/usr/share/texlive/texmf-dist/tex/latex/base/article.cls
Document Class: article 2021/10/04 v1.4n Standard LaTeX document class
(/usr/share/texlive/texmf-dist/tex/latex/base/size10.clo
File: size10.clo 2021/10/04 v1.4n Standard LaTeX file (size option)
)
\c@part=\count185
\c@section=\count186
\c@subsection=\count187
\c@subsubsection=\count188
\c@paragraph=\count189
\c@subparagraph=\count190
\c@figure=\count191
\c@table=\count192
\abovecaptionskip=\skip47
\belowcaptionskip=\skip48
\bibindent=\dimen138
) (/usr/share/texlive/texmf-dist/tex/latex/base/inputenc.sty
Package: inputenc 2021/02/14 v1.3d Input encoding file
\inpenc@prehook=\toks16
\inpenc@posthook=\toks17
) (/usr/share/texlive/texmf-dist/tex/latex/geometry/geometry.sty
Package: geometry 2020/01/02 v5.9 Page Geometry
 (/usr/share/texlive/texmf-dist/tex/latex/graphics/keyval.sty
Package: keyval 2014/10/28 v1.15 key=value parser (DPC)
\KV@toks@=\toks18
) (/usr/share/texlive/texmf-dist/tex/generic/iftex/ifvtex.sty
Package: ifvtex 2019/10/25 v1.7 ifvtex legacy package. Use iftex instead.
 (/usr/share/texlive/texmf-dist/tex/generic/iftex/iftex.sty
Package: iftex 2020/03/06 v1.0d TeX engine tests
))
\Gm@cnth=\count193
\Gm@cntv=\count194
\c@Gm@tempcnt=\count195
\Gm@bindingoffset=\dimen139
\Gm@wd@mp=\dimen140
\Gm@odd@mp=\dimen141
\Gm@even@mp=\dimen142
\Gm@layoutwidth=\dimen143
\Gm@layoutheight=\dimen144
\Gm@layouthoffset=\dimen145
\Gm@layoutvoffset=\dimen146
\Gm@dimlist=\toks19
) (/usr/share/texlive/texmf-dist/tex/latex/graphics/graphicx.sty
Package: graphicx 2021/09/16 v1.2d Enhanced LaTeX Graphics (DPC,SPQR)
 (/usr/share/texlive/texmf-dist/tex/latex/graphics/graphics.sty
Package: graphics 2021/03/04 v1.4d Standard LaTeX Graphics (DPC,SPQR)
 (/usr/share/texlive/texmf-dist/tex/latex/graphics/trig.sty
Package: trig 2021/08/11 v1.11 sin cos tan (DPC)
) (/usr/share/texlive/texmf-dist/tex/latex/graphics-cfg/graphics.cfg
File: graphics.cfg 2016/06/04 v1.11 sample graphics configuration
)
Package graphics Info: Driver file: pdftex.def on input line 107.
 (/usr/share/texlive/texmf-dist/tex/latex/graphics-def/pdftex.def
File: pdftex.def 2020/10/05 v1.2a Graphics/color driver for pdftex
))
\Gin@req@height=\dimen147
\Gin@req@width=\dimen148
) (/usr/share/texlive/texmf-dist/tex/latex/amsmath/amsmath.sty
Package: amsmath 2021/10/15 v2.17l AMS math features
\@mathmargin=\skip49

For additional information on amsmath, use the `?' option.
(/usr/share/texlive/texmf-dist/tex/latex/amsmath/amstext.sty
Package: amstext 2021/08/26 v2.01 AMS text
 (/usr/share/texlive/texmf-dist/tex/latex/amsmath/amsgen.sty
File: amsgen.sty 1999/11/30 v2.0 generic functions
\@emptytoks=\toks20
\ex@=\dimen149
)) (/usr/share/texlive/texmf-dist/tex/latex/amsmath/amsbsy.sty
Package: amsbsy 1999/11/29 v1.2d Bold Symbols
\pmbraise@=\dimen150
) (/usr/share/texlive/texmf-dist/tex/latex/amsmath/amsopn.sty
Package: amsopn 2021/08/26 v2.02 operator names
)
\inf@bad=\count196
LaTeX Info: Redefining \frac on input line 234.
\uproot@=\count197
\leftroot@=\count198
LaTeX Info: Redefining \overline on input line 399.
\classnum@=\count199
\DOTSCASE@=\count266
LaTeX Info: Redefining \ldots on input line 496.
LaTeX Info: Redefining \dots on input line 499.
LaTeX Info: Redefining \cdots on input line 620.
\Mathstrutbox@=\box50
\strutbox@=\box51
\big@size=\dimen151
LaTeX Font Info:    Redeclaring font encoding OML on input line 743.
LaTeX Font Info:    Redeclaring font encoding OMS on input line 744.
\macc@depth=\count267
\c@MaxMatrixCols=\count268
\dotsspace@=\muskip16
\c@parentequation=\count269
\dspbrk@lvl=\count270
\tag@help=\toks21
\row@=\count271
\column@=\count272
\maxfields@=\count273
\andhelp@=\toks22
\eqnshift@=\dimen152
\alignsep@=\dimen153
\tagshift@=\dimen154
\tagwidth@=\dimen155
\totwidth@=\dimen156
\lineht@=\dimen157
\@envbody=\toks23
\multlinegap=\skip50
\multlinetaggap=\skip51
\mathdisplay@stack=\toks24
LaTeX Info: Redefining \[ on input line 2938.
LaTeX Info: Redefining \] on input line 2939.
) (/usr/share/texlive/texmf-dist/tex/latex/amsfonts/amsfonts.sty
Package: amsfonts 2013/01/14 v3.01 Basic AMSFonts support
\symAMSa=\mathgroup4
\symAMSb=\mathgroup5
LaTeX Font Info:    Redeclaring math symbol \hbar on input line 98.
LaTeX Font Info:    Overwriting math alphabet `\mathfrak' in version `bold'
(Font)                  U/euf/m/n --> U/euf/b/n on input line 106.
) (/usr/share/texlive/texmf-dist/tex/latex/amsfonts/amssymb.sty
Package: amssymb 2013/01/14 v3.01 AMS font symbols
) (/usr/share/texlive/texmf-dist/tex/latex/caption/caption.sty
Package: caption 2020/10/26 v3.5g Customizing captions (AR)
 (/usr/share/texlive/texmf-dist/tex/latex/caption/caption3.sty
Package: caption3 2020/10/21 v2.2e caption3 kernel (AR)
\captionmargin=\dimen158
\captionmargin@=\dimen159
\captionwidth=\dimen160
\caption@tempdima=\dimen161
\caption@indent=\dimen162
\caption@parindent=\dimen163
\caption@hangindent=\dimen164
Package caption Info: Standard document class detected.
)
\c@caption@flags=\count274
\c@continuedfloat=\count275
) (/usr/share/texlive/texmf-dist/tex/latex/caption/subcaption.sty
Package: subcaption 2020/10/07 v1.3j Sub-captions (AR)
\c@subfigure=\count276
\c@subtable=\count277
) (/usr/share/texlive/texmf-dist/tex/latex/listings/listings.sty
\lst@mode=\count278
\lst@gtempboxa=\box52
\lst@token=\toks25
\lst@length=\count279
\lst@currlwidth=\dimen165
\lst@column=\count280
\lst@pos=\count281
\lst@lostspace=\dimen166
\lst@width=\dimen167
\lst@newlines=\count282
\lst@lineno=\count283
\lst@maxwidth=\dimen168
 (/usr/share/texlive/texmf-dist/tex/latex/listings/lstmisc.sty
File: lstmisc.sty 2020/03/24 1.8d (Carsten Heinz)
\c@lstnumber=\count284
\lst@skipnumbers=\count285
\lst@framebox=\box53
) (/usr/share/texlive/texmf-dist/tex/latex/listings/listings.cfg
File: listings.cfg 2020/03/24 1.8d listings configuration
))
Package: listings 2020/03/24 1.8d (Carsten Heinz)
 (/usr/share/texlive/texmf-dist/tex/latex/xcolor/xcolor.sty
Package: xcolor 2021/10/31 v2.13 LaTeX color extensions (UK)
 (/usr/share/texlive/texmf-dist/tex/latex/graphics-cfg/color.cfg
File: color.cfg 2016/01/02 v1.6 sample color configuration
)
Package xcolor Info: Driver file: pdftex.def on input line 227.
Package xcolor Info: Model `cmy' substituted by `cmy0' on input line 1352.
Package xcolor Info: Model `hsb' substituted by `rgb' on input line 1356.
Package xcolor Info: Model `RGB' extended on input line 1368.
Package xcolor Info: Model `HTML' substituted by `rgb' on input line 1370.
Package xcolor Info: Model `Hsb' substituted by `hsb' on input line 1371.
Package xcolor Info: Model `tHsb' substituted by `hsb' on input line 1372.
Package xcolor Info: Model `HSB' substituted by `hsb' on input line 1373.
Package xcolor Info: Model `Gray' substituted by `gray' on input line 1374.
Package xcolor Info: Model `wave' substituted by `hsb' on input line 1375.
) (/usr/share/texlive/texmf-dist/tex/latex/lipsum/lipsum.sty (/usr/share/texlive/texmf-dist/tex/latex/l3packages/l3keys2e/l3keys2e.sty (/usr/share/texlive/texmf-dist/tex/latex/l3kernel/expl3.sty
Package: expl3 2022-01-21 L3 programming layer (loader) 
 (/usr/share/texlive/texmf-dist/tex/latex/l3backend/l3backend-pdftex.def
File: l3backend-pdftex.def 2022-01-12 L3 backend support: PDF output (pdfTeX)
\l__color_backend_stack_int=\count286
\l__pdf_internal_box=\box54
))
Package: l3keys2e 2022-01-12 LaTeX2e option processing using LaTeX3 keys
)
Package: lipsum 2021-09-20 v2.7 150 paragraphs of Lorem Ipsum dummy text
\g__lipsum_par_int=\count287
\l__lipsum_a_int=\count288
\l__lipsum_b_int=\count289
 (/usr/share/texlive/texmf-dist/tex/latex/lipsum/lipsum.ltd.tex)) (/usr/share/texlive/texmf-dist/tex/latex/cmbright/cmbright.sty
Package: cmbright 2005/04/13 v8.1 (WaS)
LaTeX Font Info:    Redeclaring symbol font `operators' on input line 29.
LaTeX Font Info:    Overwriting symbol font `operators' in version `normal'
(Font)                  OT1/cmr/m/n --> OT1/cmbr/m/n on input line 29.
LaTeX Font Info:    Overwriting symbol font `operators' in version `bold'
(Font)                  OT1/cmr/bx/n --> OT1/cmbr/m/n on input line 29.
LaTeX Font Info:    Redeclaring symbol font `letters' on input line 30.
LaTeX Font Info:    Overwriting symbol font `letters' in version `normal'
(Font)                  OML/cmm/m/it --> OML/cmbrm/m/it on input line 30.
LaTeX Font Info:    Overwriting symbol font `letters' in version `bold'
(Font)                  OML/cmm/b/it --> OML/cmbrm/m/it on input line 30.
LaTeX Font Info:    Overwriting symbol font `letters' in version `bold'
(Font)                  OML/cmbrm/m/it --> OML/cmbrm/b/it on input line 31.
LaTeX Font Info:    Redeclaring symbol font `symbols' on input line 32.
LaTeX Font Info:    Overwriting symbol font `symbols' in version `normal'
(Font)                  OMS/cmsy/m/n --> OMS/cmbrs/m/n on input line 32.
LaTeX Font Info:    Overwriting symbol font `symbols' in version `bold'
(Font)                  OMS/cmsy/b/n --> OMS/cmbrs/m/n on input line 32.
LaTeX Font Info:    Redeclaring math alphabet \mathit on input line 33.
LaTeX Font Info:    Overwriting math alphabet `\mathit' in version `normal'
(Font)                  OT1/cmr/m/it --> OT1/cmbr/m/sl on input line 33.
LaTeX Font Info:    Overwriting math alphabet `\mathit' in version `bold'
(Font)                  OT1/cmr/bx/it --> OT1/cmbr/m/sl on input line 33.
LaTeX Font Info:    Redeclaring math alphabet \mathbf on input line 34.
LaTeX Font Info:    Overwriting math alphabet `\mathbf' in version `normal'
(Font)                  OT1/cmr/bx/n --> OT1/cmbr/bx/n on input line 34.
LaTeX Font Info:    Overwriting math alphabet `\mathbf' in version `bold'
(Font)                  OT1/cmr/bx/n --> OT1/cmbr/bx/n on input line 34.
LaTeX Font Info:    Redeclaring math alphabet \mathtt on input line 35.
LaTeX Font Info:    Overwriting math alphabet `\mathtt' in version `normal'
(Font)                  OT1/cmtt/m/n --> OT1/cmtl/m/n on input line 35.
LaTeX Font Info:    Overwriting math alphabet `\mathtt' in version `bold'
(Font)                  OT1/cmtt/m/n --> OT1/cmtl/m/n on input line 35.
LaTeX Font Info:    Redeclaring math symbol \alpha on input line 37.
LaTeX Font Info:    Redeclaring math symbol \beta on input line 38.
LaTeX Font Info:    Redeclaring math symbol \gamma on input line 39.
LaTeX Font Info:    Redeclaring math symbol \delta on input line 40.
LaTeX Font Info:    Redeclaring math symbol \epsilon on input line 41.
LaTeX Font Info:    Redeclaring math symbol \zeta on input line 42.
LaTeX Font Info:    Redeclaring math symbol \eta on input line 43.
LaTeX Font Info:    Redeclaring math symbol \theta on input line 44.
LaTeX Font Info:    Redeclaring math symbol \iota on input line 45.
LaTeX Font Info:    Redeclaring math symbol \kappa on input line 46.
LaTeX Font Info:    Redeclaring math symbol \lambda on input line 47.
LaTeX Font Info:    Redeclaring math symbol \mu on input line 48.
LaTeX Font Info:    Redeclaring math symbol \nu on input line 49.
LaTeX Font Info:    Redeclaring math symbol \xi on input line 50.
LaTeX Font Info:    Redeclaring math symbol \pi on input line 51.
LaTeX Font Info:    Redeclaring math symbol \rho on input line 52.
LaTeX Font Info:    Redeclaring math symbol \sigma on input line 53.
LaTeX Font Info:    Redeclaring math symbol \tau on input line 54.
LaTeX Font Info:    Redeclaring math symbol \upsilon on input line 55.
LaTeX Font Info:    Redeclaring math symbol \phi on input line 56.
LaTeX Font Info:    Redeclaring math symbol \chi on input line 57.
LaTeX Font Info:    Redeclaring math symbol \psi on input line 58.
LaTeX Font Info:    Redeclaring math symbol \omega on input line 59.
LaTeX Font Info:    Redeclaring math symbol \varepsilon on input line 60.
LaTeX Font Info:    Redeclaring math symbol \vartheta on input line 61.
LaTeX Font Info:    Redeclaring math symbol \varpi on input line 62.
LaTeX Font Info:    Redeclaring math symbol \varrho on input line 63.
LaTeX Font Info:    Redeclaring math symbol \varsigma on input line 64.
LaTeX Font Info:    Redeclaring math symbol \varphi on input line 65.
LaTeX Info: Redefining \LaTeX on input line 129.
LaTeX Info: Redefining \LaTeXe on input line 139.
LaTeX Font Info:    Trying to load font information for OT1+cmbr on input line 144.
 (/usr/share/texlive/texmf-dist/tex/latex/cmbright/ot1cmbr.fd
File: ot1cmbr.fd 2005/04/13 v8.1 (WaS)
)) (./report.aux)
\openout1 = `report.aux'.

LaTeX Font Info:    Checking defaults for OML/cmm/m/it on input line 42.
LaTeX Font Info:    ... okay on input line 42.
LaTeX Font Info:    Checking defaults for OMS/cmsy/m/n on input line 42.
LaTeX Font Info:    ... okay on input line 42.
LaTeX Font Info:    Checking defaults for OT1/cmr/m/n on input line 42.
LaTeX Font Info:    ... okay on input line 42.
LaTeX Font Info:    Checking defaults for T1/cmr/m/n on input line 42.
LaTeX Font Info:    ... okay on input line 42.
LaTeX Font Info:    Checking defaults for TS1/cmr/m/n on input line 42.
LaTeX Font Info:    ... okay on input line 42.
LaTeX Font Info:    Checking defaults for OMX/cmex/m/n on input line 42.
LaTeX Font Info:    ... okay on input line 42.
LaTeX Font Info:    Checking defaults for U/cmr/m/n on input line 42.
LaTeX Font Info:    ... okay on input line 42.

*geometry* driver: auto-detecting
*geometry* detected driver: pdftex
*geometry* verbose mode - [ preamble ] result:
* driver: pdftex
* paper: a4paper
* layout: <same size as paper>
* layoutoffset:(h,v)=(0.0pt,0.0pt)
* modes: 
* h-part:(L,W,R)=(56.9055pt, 483.69684pt, 56.90553pt)
* v-part:(T,H,B)=(56.9055pt, 731.23582pt, 56.90552pt)
* \paperwidth=597.50787pt
* \paperheight=845.04684pt
* \textwidth=483.69684pt
* \textheight=731.23582pt
* \oddsidemargin=-15.36449pt
* \evensidemargin=-15.36449pt
* \topmargin=-52.36449pt
* \headheight=12.0pt
* \headsep=25.0pt
* \topskip=10.0pt
* \footskip=30.0pt
* \marginparwidth=65.0pt
* \marginparsep=11.0pt
* \columnsep=10.0pt
* \skip\footins=9.0pt plus 4.0pt minus 2.0pt
* \hoffset=0.0pt
* \voffset=0.0pt
* \mag=1000
* \@twocolumnfalse
* \@twosidefalse
* \@mparswitchfalse
* \@reversemarginfalse
* (1in=72.27pt=25.4mm, 1cm=28.453pt)

(/usr/share/texlive/texmf-dist/tex/context/base/mkii/supp-pdf.mkii
[Loading MPS to PDF converter (version 2006.09.02).]
\scratchcounter=\count290
\scratchdimen=\dimen169
\scratchbox=\box55
\nofMPsegments=\count291
\nofMParguments=\count292
\everyMPshowfont=\toks26
\MPscratchCnt=\count293
\MPscratchDim=\dimen170
\MPnumerator=\count294
\makeMPintoPDFobject=\count295
\everyMPtoPDFconversion=\toks27
) (/usr/share/texlive/texmf-dist/tex/latex/epstopdf-pkg/epstopdf-base.sty
Package: epstopdf-base 2020-01-24 v2.11 Base part for package epstopdf
Package epstopdf-base Info: Redefining graphics rule for `.eps' on input line 485.
 (/usr/share/texlive/texmf-dist/tex/latex/latexconfig/epstopdf-sys.cfg
File: epstopdf-sys.cfg 2010/07/13 v1.3 Configuration of (r)epstopdf for TeX Live
))
Package caption Info: Begin \AtBeginDocument code.
Package caption Info: listings package is loaded.
Package caption Info: End \AtBeginDocument code.
\c@lstlisting=\count296
LaTeX Font Info:    Trying to load font information for OML+cmbrm on input line 46.
 (/usr/share/texlive/texmf-dist/tex/latex/cmbright/omlcmbrm.fd
File: omlcmbrm.fd 2005/04/13 v8.1 (WaS)
)
LaTeX Font Info:    Trying to load font information for OMS+cmbrs on input line 46.
 (/usr/share/texlive/texmf-dist/tex/latex/cmbright/omscmbrs.fd
File: omscmbrs.fd 2005/04/13 v8.1 (WaS)
)
LaTeX Font Info:    Font shape `OT1/cmbr/b/n' in size <14.4> not available
(Font)              Font shape `OT1/cmbr/bx/n' tried instead on input line 51.
LaTeX Font Info:    Font shape `OT1/cmbr/b/n' in size <12> not available
(Font)              Font shape `OT1/cmbr/bx/n' tried instead on input line 53.
LaTeX Font Info:    Font shape `OT1/cmbr/b/n' in size <10> not available
(Font)              Font shape `OT1/cmbr/bx/n' tried instead on input line 59.
LaTeX Font Info:    Trying to load font information for OT1+cmtl on input line 63.
 (/usr/share/texlive/texmf-dist/tex/latex/cmbright/ot1cmtl.fd
File: ot1cmtl.fd 2005/04/13 v8.1 (WaS)
)
</home/madhia/computer_vision/assignment4/implementation/q1-2/output/Figure_1.png, id=1, 1383.2478pt x 685.1196pt>
File: /home/madhia/computer_vision/assignment4/implementation/q1-2/output/Figure_1.png Graphic file (type png)
<use /home/madhia/computer_vision/assignment4/implementation/q1-2/output/Figure_1.png>
Package pdftex.def Info: /home/madhia/computer_vision/assignment4/implementation/q1-2/output/Figure_1.png  used on input line 78.
(pdftex.def)             Requested size: 217.6621pt x 281.549pt.
</home/madhia/computer_vision/assignment4/implementation/q1-2/output/Figure_2.png, id=4, 1383.2478pt x 685.1196pt>
File: /home/madhia/computer_vision/assignment4/implementation/q1-2/output/Figure_2.png Graphic file (type png)
<use /home/madhia/computer_vision/assignment4/implementation/q1-2/output/Figure_2.png>
Package pdftex.def Info: /home/madhia/computer_vision/assignment4/implementation/q1-2/output/Figure_2.png  used on input line 86.
(pdftex.def)             Requested size: 217.6621pt x 281.549pt.
 [1

{/var/lib/texmf/fonts/map/pdftex/updmap/pdftex.map} </home/madhia/computer_vision/assignment4/implementation/q1-2/output/Figure_1.png> </home/madhia/computer_vision/assignment4/implementation/q1-2/output/Figure_2.png>]
</home/madhia/computer_vision/assignment4/implementation/q1-2/output/Figure_3.png, id=20, 1383.2478pt x 685.1196pt>
File: /home/madhia/computer_vision/assignment4/implementation/q1-2/output/Figure_3.png Graphic file (type png)
<use /home/madhia/computer_vision/assignment4/implementation/q1-2/output/Figure_3.png>
Package pdftex.def Info: /home/madhia/computer_vision/assignment4/implementation/q1-2/output/Figure_3.png  used on input line 107.
(pdftex.def)             Requested size: 386.95894pt x 500.5304pt.
LaTeX Font Info:    Font shape `OT1/cmbr/m/it' in size <10> not available
(Font)              Font shape `OT1/cmbr/m/sl' tried instead on input line 111.


LaTeX Font Warning: Font shape `OT1/cmbr/bx/n' in size <7> not available
(Font)              Font shape `OT1/cmbr/m/n' tried instead on input line 111.


LaTeX Font Warning: Font shape `OT1/cmbr/bx/n' in size <5> not available
(Font)              Font shape `OT1/cmbr/m/n' tried instead on input line 111.

[2 </home/madhia/computer_vision/assignment4/implementation/q1-2/output/Figure_3.png>]
</home/madhia/computer_vision/assignment4/implementation/q1-2/output/et_3d_-30-45.pdf, id=33, 1084.05pt x 1084.05pt>
File: /home/madhia/computer_vision/assignment4/implementation/q1-2/output/et_3d_-30-45.pdf Graphic file (type pdf)
<use /home/madhia/computer_vision/assignment4/implementation/q1-2/output/et_3d_-30-45.pdf>
Package pdftex.def Info: /home/madhia/computer_vision/assignment4/implementation/q1-2/output/et_3d_-30-45.pdf  used on input line 212.
(pdftex.def)             Requested size: 193.47577pt x 193.46645pt.
</home/madhia/computer_vision/assignment4/implementation/q1-2/output/et_3d_-30-135.pdf, id=34, 1084.05pt x 1084.05pt>
File: /home/madhia/computer_vision/assignment4/implementation/q1-2/output/et_3d_-30-135.pdf Graphic file (type pdf)
<use /home/madhia/computer_vision/assignment4/implementation/q1-2/output/et_3d_-30-135.pdf>
Package pdftex.def Info: /home/madhia/computer_vision/assignment4/implementation/q1-2/output/et_3d_-30-135.pdf  used on input line 217.
(pdftex.def)             Requested size: 193.47577pt x 193.46645pt.


LaTeX Warning: `!h' float specifier changed to `!ht'.

</home/madhia/computer_vision/assignment4/implementation/q1-2/output/et_3d_-30-225.pdf, id=35, 1084.05pt x 1084.05pt>
File: /home/madhia/computer_vision/assignment4/implementation/q1-2/output/et_3d_-30-225.pdf Graphic file (type pdf)
<use /home/madhia/computer_vision/assignment4/implementation/q1-2/output/et_3d_-30-225.pdf>
Package pdftex.def Info: /home/madhia/computer_vision/assignment4/implementation/q1-2/output/et_3d_-30-225.pdf  used on input line 226.
(pdftex.def)             Requested size: 193.47577pt x 193.46645pt.
</home/madhia/computer_vision/assignment4/implementation/q1-2/output/et_3d_-30-315.pdf, id=36, 1084.05pt x 1084.05pt>
File: /home/madhia/computer_vision/assignment4/implementation/q1-2/output/et_3d_-30-315.pdf Graphic file (type pdf)
<use /home/madhia/computer_vision/assignment4/implementation/q1-2/output/et_3d_-30-315.pdf>
Package pdftex.def Info: /home/madhia/computer_vision/assignment4/implementation/q1-2/output/et_3d_-30-315.pdf  used on input line 231.
(pdftex.def)             Requested size: 193.47577pt x 193.46645pt.

LaTeX Warning: `!h' float specifier changed to `!ht'.

</home/madhia/computer_vision/assignment4/implementation/q1-2/output/et_3d_30-45.pdf, id=37, 1084.05pt x 1084.05pt>
File: /home/madhia/computer_vision/assignment4/implementation/q1-2/output/et_3d_30-45.pdf Graphic file (type pdf)
<use /home/madhia/computer_vision/assignment4/implementation/q1-2/output/et_3d_30-45.pdf>
Package pdftex.def Info: /home/madhia/computer_vision/assignment4/implementation/q1-2/output/et_3d_30-45.pdf  used on input line 240.
(pdftex.def)             Requested size: 193.47577pt x 193.46645pt.
</home/madhia/computer_vision/assignment4/implementation/q1-2/output/et_3d_30-135.pdf, id=38, 1084.05pt x 1084.05pt>
File: /home/madhia/computer_vision/assignment4/implementation/q1-2/output/et_3d_30-135.pdf Graphic file (type pdf)
<use /home/madhia/computer_vision/assignment4/implementation/q1-2/output/et_3d_30-135.pdf>
Package pdftex.def Info: /home/madhia/computer_vision/assignment4/implementation/q1-2/output/et_3d_30-135.pdf  used on input line 245.
(pdftex.def)             Requested size: 193.47577pt x 193.46645pt.

LaTeX Warning: `!h' float specifier changed to `!ht'.

</home/madhia/computer_vision/assignment4/implementation/q1-2/output/et_3d_30-225.pdf, id=39, 1084.05pt x 1084.05pt>
File: /home/madhia/computer_vision/assignment4/implementation/q1-2/output/et_3d_30-225.pdf Graphic file (type pdf)
<use /home/madhia/computer_vision/assignment4/implementation/q1-2/output/et_3d_30-225.pdf>
Package pdftex.def Info: /home/madhia/computer_vision/assignment4/implementation/q1-2/output/et_3d_30-225.pdf  used on input line 254.
(pdftex.def)             Requested size: 193.47577pt x 193.46645pt.
</home/madhia/computer_vision/assignment4/implementation/q1-2/output/et_3d_30-315.pdf, id=40, 1084.05pt x 1084.05pt>
File: /home/madhia/computer_vision/assignment4/implementation/q1-2/output/et_3d_30-315.pdf Graphic file (type pdf)
<use /home/madhia/computer_vision/assignment4/implementation/q1-2/output/et_3d_30-315.pdf>
Package pdftex.def Info: /home/madhia/computer_vision/assignment4/implementation/q1-2/output/et_3d_30-315.pdf  used on input line 259.
(pdftex.def)             Requested size: 193.47577pt x 193.46645pt.

LaTeX Warning: `!h' float specifier changed to `!ht'.

[3]
Overfull \vbox (8.10794pt too high) has occurred while \output is active []

 [4 </home/madhia/computer_vision/assignment4/implementation/q1-2/output/et_3d_-30-45.pdf> </home/madhia/computer_vision/assignment4/implementation/q1-2/output/et_3d_-30-135.pdf> </home/madhia/computer_vision/assignment4/implementation/q1-2/output/et_3d_-30-225.pdf> </home/madhia/computer_vision/assignment4/implementation/q1-2/output/et_3d_-30-315.pdf> </home/madhia/computer_vision/assignment4/implementation/q1-2/output/et_3d_30-45.pdf> </home/madhia/computer_vision/assignment4/implementation/q1-2/output/et_3d_30-135.pdf>] [5 </home/madhia/computer_vision/assignment4/implementation/q1-2/output/et_3d_30-225.pdf> </home/madhia/computer_vision/assignment4/implementation/q1-2/output/et_3d_30-315.pdf>]
</home/madhia/computer_vision/assignment4/implementation/q3/output/fountain_3d_-30-45.pdf, id=283, 1084.05pt x 1084.05pt>
File: /home/madhia/computer_vision/assignment4/implementation/q3/output/fountain_3d_-30-45.pdf Graphic file (type pdf)
<use /home/madhia/computer_vision/assignment4/implementation/q3/output/fountain_3d_-30-45.pdf>
Package pdftex.def Info: /home/madhia/computer_vision/assignment4/implementation/q3/output/fountain_3d_-30-45.pdf  used on input line 374.
(pdftex.def)             Requested size: 193.47577pt x 193.46645pt.
</home/madhia/computer_vision/assignment4/implementation/q3/output/fountain_3d_-30-135.pdf, id=284, 1084.05pt x 1084.05pt>
File: /home/madhia/computer_vision/assignment4/implementation/q3/output/fountain_3d_-30-135.pdf Graphic file (type pdf)
<use /home/madhia/computer_vision/assignment4/implementation/q3/output/fountain_3d_-30-135.pdf>
Package pdftex.def Info: /home/madhia/computer_vision/assignment4/implementation/q3/output/fountain_3d_-30-135.pdf  used on input line 379.
(pdftex.def)             Requested size: 193.47577pt x 193.46645pt.
</home/madhia/computer_vision/assignment4/implementation/q3/output/fountain_3d_-30-225.pdf, id=285, 1084.05pt x 1084.05pt>
File: /home/madhia/computer_vision/assignment4/implementation/q3/output/fountain_3d_-30-225.pdf Graphic file (type pdf)
<use /home/madhia/computer_vision/assignment4/implementation/q3/output/fountain_3d_-30-225.pdf>
Package pdftex.def Info: /home/madhia/computer_vision/assignment4/implementation/q3/output/fountain_3d_-30-225.pdf  used on input line 388.
(pdftex.def)             Requested size: 193.47577pt x 193.46645pt.
</home/madhia/computer_vision/assignment4/implementation/q3/output/fountain_3d_-30-315.pdf, id=286, 1084.05pt x 1084.05pt>
File: /home/madhia/computer_vision/assignment4/implementation/q3/output/fountain_3d_-30-315.pdf Graphic file (type pdf)
<use /home/madhia/computer_vision/assignment4/implementation/q3/output/fountain_3d_-30-315.pdf>
Package pdftex.def Info: /home/madhia/computer_vision/assignment4/implementation/q3/output/fountain_3d_-30-315.pdf  used on input line 393.
(pdftex.def)             Requested size: 193.47577pt x 193.46645pt.
</home/madhia/computer_vision/assignment4/implementation/q3/output/fountain_3d_30-45.pdf, id=287, 1084.05pt x 1084.05pt>
File: /home/madhia/computer_vision/assignment4/implementation/q3/output/fountain_3d_30-45.pdf Graphic file (type pdf)
<use /home/madhia/computer_vision/assignment4/implementation/q3/output/fountain_3d_30-45.pdf>
Package pdftex.def Info: /home/madhia/computer_vision/assignment4/implementation/q3/output/fountain_3d_30-45.pdf  used on input line 402.
(pdftex.def)             Requested size: 193.47577pt x 193.46645pt.
</home/madhia/computer_vision/assignment4/implementation/q3/output/fountain_3d_30-135.pdf, id=288, 1084.05pt x 1084.05pt>
File: /home/madhia/computer_vision/assignment4/implementation/q3/output/fountain_3d_30-135.pdf Graphic file (type pdf)
<use /home/madhia/computer_vision/assignment4/implementation/q3/output/fountain_3d_30-135.pdf>
Package pdftex.def Info: /home/madhia/computer_vision/assignment4/implementation/q3/output/fountain_3d_30-135.pdf  used on input line 407.
(pdftex.def)             Requested size: 193.47577pt x 193.46645pt.


LaTeX Warning: `!h' float specifier changed to `!ht'.

</home/madhia/computer_vision/assignment4/implementation/q3/output/fountain_3d_30-225.pdf, id=289, 1084.05pt x 1084.05pt>
File: /home/madhia/computer_vision/assignment4/implementation/q3/output/fountain_3d_30-225.pdf Graphic file (type pdf)
<use /home/madhia/computer_vision/assignment4/implementation/q3/output/fountain_3d_30-225.pdf>
Package pdftex.def Info: /home/madhia/computer_vision/assignment4/implementation/q3/output/fountain_3d_30-225.pdf  used on input line 416.
(pdftex.def)             Requested size: 193.47577pt x 193.46645pt.
</home/madhia/computer_vision/assignment4/implementation/q3/output/fountain_3d_30-315.pdf, id=290, 1084.05pt x 1084.05pt>
File: /home/madhia/computer_vision/assignment4/implementation/q3/output/fountain_3d_30-315.pdf Graphic file (type pdf)
<use /home/madhia/computer_vision/assignment4/implementation/q3/output/fountain_3d_30-315.pdf>
Package pdftex.def Info: /home/madhia/computer_vision/assignment4/implementation/q3/output/fountain_3d_30-315.pdf  used on input line 421.
(pdftex.def)             Requested size: 193.47577pt x 193.46645pt.

LaTeX Warning: `!h' float specifier changed to `!ht'.

[6 </home/madhia/computer_vision/assignment4/implementation/q3/output/fountain_3d_-30-45.pdf> </home/madhia/computer_vision/assignment4/implementation/q3/output/fountain_3d_-30-135.pdf> </home/madhia/computer_vision/assignment4/implementation/q3/output/fountain_3d_-30-225.pdf> </home/madhia/computer_vision/assignment4/implementation/q3/output/fountain_3d_-30-315.pdf>] [7 </home/madhia/computer_vision/assignment4/implementation/q3/output/fountain_3d_30-45.pdf> </home/madhia/computer_vision/assignment4/implementation/q3/output/fountain_3d_30-135.pdf> </home/madhia/computer_vision/assignment4/implementation/q3/output/fountain_3d_30-225.pdf> </home/madhia/computer_vision/assignment4/implementation/q3/output/fountain_3d_30-315.pdf>] (./report.aux) ) 
Here is how much of TeX's memory you used:
 6950 strings out of 478287
 121930 string characters out of 5849289
 503467 words of memory out of 5000000
 25064 multiletter control sequences out of 15000+600000
 476244 words of font info for 54 fonts, out of 8000000 for 9000
 1141 hyphenation exceptions out of 8191
 68i,8n,77p,309b,504s stack positions out of 5000i,500n,10000p,200000b,80000s
</usr/share/texlive/texmf-dist/fonts/type1/public/amsfonts/cm/cmex10.pfb></usr/share/texlive/texmf-dist/fonts/type1/public/hfbright/hfbr10.pfb></usr/share/texlive/texmf-dist/fonts/type1/public/hfbright/hfbr17.pfb></usr/share/texlive/texmf-dist/fonts/type1/public/hfbright/hfbr8.pfb></usr/share/texlive/texmf-dist/fonts/type1/public/hfbright/hfbr9.pfb></usr/share/texlive/texmf-dist/fonts/type1/public/hfbright/hfbrbx10.pfb></usr/share/texlive/texmf-dist/fonts/type1/public/hfbright/hfbrmi10.pfb></usr/share/texlive/texmf-dist/fonts/type1/public/hfbright/hfbrmi8.pfb></usr/share/texlive/texmf-dist/fonts/type1/public/hfbright/hfbrsl10.pfb></usr/share/texlive/texmf-dist/fonts/type1/public/hfbright/hfbrsy10.pfb></usr/share/texlive/texmf-dist/fonts/type1/public/hfbright/hfbrsy8.pfb></usr/share/texlive/texmf-dist/fonts/type1/public/hfbright/hftl10.pfb>
Output written on report.pdf (7 pages, 4927571 bytes).
PDF statistics:
 582 PDF objects out of 1000 (max. 8388607)
 138 compressed objects within 2 object streams
 0 named destinations out of 1000 (max. 500000)
 114 words of extra memory for PDF output out of 10000 (max. 10000000)

